[Mon Mar 03 22:30:26.539166 2025] [core:warn] [pid 8928:tid 524] AH00098: pid file D:/phpstudy_pro/Extensions/Apache2.4.39/logs/httpd.pid overwritten -- Unclean shutdown of previous Apache run?
[Mon Mar 03 22:30:26.542389 2025] [mpm_winnt:notice] [pid 8928:tid 524] AH00455: Apache/2.4.39 (Win64) OpenSSL/1.1.1b mod_fcgid/2.3.9a mod_log_rotate/1.02 configured -- resuming normal operations
[Mon Mar 03 22:30:26.543398 2025] [mpm_winnt:notice] [pid 8928:tid 524] AH00456: Server built: Mar 27 2019 11:06:20
[Mon Mar 03 22:30:26.543398 2025] [core:notice] [pid 8928:tid 524] AH00094: Command line: 'D:\\phpstudy_pro\\COM\\..\\Extensions\\Apache2.4.39\\\\bin\\httpd.exe -d D:/phpstudy_pro/Extensions/Apache2.4.39'
[Mon Mar 03 22:30:26.550395 2025] [mpm_winnt:notice] [pid 8928:tid 524] AH00418: Parent: Created child process 16072
[Mon Mar 03 22:30:27.427292 2025] [mpm_winnt:notice] [pid 16072:tid 660] AH00354: Child: Starting 1024 worker threads.
[Tue Mar 18 10:52:51.061418 2025] [core:warn] [pid 57656:tid 484] AH00098: pid file D:/phpstudy_pro/Extensions/Apache2.4.39/logs/httpd.pid overwritten -- Unclean shutdown of previous Apache run?
[Tue Mar 18 10:52:51.068017 2025] [mpm_winnt:notice] [pid 57656:tid 484] AH00455: Apache/2.4.39 (Win64) OpenSSL/1.1.1b mod_fcgid/2.3.9a mod_log_rotate/1.02 configured -- resuming normal operations
[Tue Mar 18 10:52:51.068017 2025] [mpm_winnt:notice] [pid 57656:tid 484] AH00456: Server built: Mar 27 2019 11:06:20
[Tue Mar 18 10:52:51.068017 2025] [core:notice] [pid 57656:tid 484] AH00094: Command line: 'D:\\phpstudy_pro\\COM\\..\\Extensions\\Apache2.4.39\\\\bin\\httpd.exe -d D:/phpstudy_pro/Extensions/Apache2.4.39'
[Tue Mar 18 10:52:51.073892 2025] [mpm_winnt:notice] [pid 57656:tid 484] AH00418: Parent: Created child process 57740
[Tue Mar 18 10:52:51.755272 2025] [mpm_winnt:notice] [pid 57740:tid 484] AH00354: Child: Starting 1024 worker threads.
[Mon Mar 24 12:10:44.095156 2025] [core:warn] [pid 16344:tid 516] AH00098: pid file D:/phpstudy_pro/Extensions/Apache2.4.39/logs/httpd.pid overwritten -- Unclean shutdown of previous Apache run?
[Mon Mar 24 12:10:44.095156 2025] [mpm_winnt:notice] [pid 16344:tid 516] AH00455: Apache/2.4.39 (Win64) OpenSSL/1.1.1b mod_fcgid/2.3.9a mod_log_rotate/1.02 configured -- resuming normal operations
[Mon Mar 24 12:10:44.095156 2025] [mpm_winnt:notice] [pid 16344:tid 516] AH00456: Server built: Mar 27 2019 11:06:20
[Mon Mar 24 12:10:44.095156 2025] [core:notice] [pid 16344:tid 516] AH00094: Command line: 'D:\\phpstudy_pro\\COM\\..\\Extensions\\Apache2.4.39\\\\bin\\httpd.exe -d D:/phpstudy_pro/Extensions/Apache2.4.39'
[Mon Mar 24 12:10:44.095156 2025] [mpm_winnt:notice] [pid 16344:tid 516] AH00418: Parent: Created child process 13780
[Mon Mar 24 12:10:44.705817 2025] [mpm_winnt:notice] [pid 13780:tid 520] AH00354: Child: Starting 1024 worker threads.
[Mon Mar 24 18:57:33.474438 2025] [core:warn] [pid 12380:tid 456] AH00098: pid file D:/phpstudy_pro/Extensions/Apache2.4.39/logs/httpd.pid overwritten -- Unclean shutdown of previous Apache run?
[Mon Mar 24 18:57:33.474438 2025] [mpm_winnt:notice] [pid 12380:tid 456] AH00455: Apache/2.4.39 (Win64) OpenSSL/1.1.1b mod_fcgid/2.3.9a mod_log_rotate/1.02 configured -- resuming normal operations
[Mon Mar 24 18:57:33.474438 2025] [mpm_winnt:notice] [pid 12380:tid 456] AH00456: Server built: Mar 27 2019 11:06:20
[Mon Mar 24 18:57:33.474438 2025] [core:notice] [pid 12380:tid 456] AH00094: Command line: 'D:\\phpstudy_pro\\COM\\..\\Extensions\\Apache2.4.39\\\\bin\\httpd.exe -d D:/phpstudy_pro/Extensions/Apache2.4.39'
[Mon Mar 24 18:57:33.474438 2025] [mpm_winnt:notice] [pid 12380:tid 456] AH00418: Parent: Created child process 22820
[Mon Mar 24 18:57:34.091011 2025] [mpm_winnt:notice] [pid 22820:tid 512] AH00354: Child: Starting 1024 worker threads.
[Tue Mar 25 09:28:14.741670 2025] [core:warn] [pid 39088:tid 480] AH00098: pid file D:/phpstudy_pro/Extensions/Apache2.4.39/logs/httpd.pid overwritten -- Unclean shutdown of previous Apache run?
[Tue Mar 25 09:28:14.743292 2025] [mpm_winnt:notice] [pid 39088:tid 480] AH00455: Apache/2.4.39 (Win64) OpenSSL/1.1.1b mod_fcgid/2.3.9a mod_log_rotate/1.02 configured -- resuming normal operations
[Tue Mar 25 09:28:14.743292 2025] [mpm_winnt:notice] [pid 39088:tid 480] AH00456: Server built: Mar 27 2019 11:06:20
[Tue Mar 25 09:28:14.743292 2025] [core:notice] [pid 39088:tid 480] AH00094: Command line: 'D:\\phpstudy_pro\\COM\\..\\Extensions\\Apache2.4.39\\\\bin\\httpd.exe -d D:/phpstudy_pro/Extensions/Apache2.4.39'
[Tue Mar 25 09:28:14.743292 2025] [mpm_winnt:notice] [pid 39088:tid 480] AH00418: Parent: Created child process 35912
[Tue Mar 25 09:28:15.377308 2025] [mpm_winnt:notice] [pid 35912:tid 528] AH00354: Child: Starting 1024 worker threads.
[Thu Apr 24 20:07:54.667615 2025] [core:warn] [pid 4460:tid 632] AH00098: pid file D:/phpstudy_pro/Extensions/Apache2.4.39/logs/httpd.pid overwritten -- Unclean shutdown of previous Apache run?
[Thu Apr 24 20:07:54.673121 2025] [mpm_winnt:notice] [pid 4460:tid 632] AH00455: Apache/2.4.39 (Win64) OpenSSL/1.1.1b mod_fcgid/2.3.9a mod_log_rotate/1.02 configured -- resuming normal operations
[Thu Apr 24 20:07:54.673121 2025] [mpm_winnt:notice] [pid 4460:tid 632] AH00456: Server built: Mar 27 2019 11:06:20
[Thu Apr 24 20:07:54.673121 2025] [core:notice] [pid 4460:tid 632] AH00094: Command line: 'D:\\phpstudy_pro\\COM\\..\\Extensions\\Apache2.4.39\\\\bin\\httpd.exe -d D:/phpstudy_pro/Extensions/Apache2.4.39'
[Thu Apr 24 20:07:54.677121 2025] [mpm_winnt:notice] [pid 4460:tid 632] AH00418: Parent: Created child process 23528
[Thu Apr 24 20:07:55.335470 2025] [mpm_winnt:notice] [pid 23528:tid 628] AH00354: Child: Starting 1024 worker threads.
[Mon May 12 14:24:16.965520 2025] [core:warn] [pid 19204:tid 1864] AH00098: pid file D:/phpstudy_pro/Extensions/Apache2.4.39/logs/httpd.pid overwritten -- Unclean shutdown of previous Apache run?
[Mon May 12 14:24:16.969138 2025] [mpm_winnt:notice] [pid 19204:tid 1864] AH00455: Apache/2.4.39 (Win64) OpenSSL/1.1.1b mod_fcgid/2.3.9a mod_log_rotate/1.02 configured -- resuming normal operations
[Mon May 12 14:24:16.969138 2025] [mpm_winnt:notice] [pid 19204:tid 1864] AH00456: Server built: Mar 27 2019 11:06:20
[Mon May 12 14:24:16.969138 2025] [core:notice] [pid 19204:tid 1864] AH00094: Command line: 'D:\\phpstudy_pro\\COM\\..\\Extensions\\Apache2.4.39\\\\bin\\httpd.exe -d D:/phpstudy_pro/Extensions/Apache2.4.39'
[Mon May 12 14:24:16.973124 2025] [mpm_winnt:notice] [pid 19204:tid 1864] AH00418: Parent: Created child process 28716
[Mon May 12 14:24:17.710412 2025] [mpm_winnt:notice] [pid 28716:tid 648] AH00354: Child: Starting 1024 worker threads.
[Wed May 14 23:22:33.840438 2025] [core:warn] [pid 4720:tid 584] AH00098: pid file D:/phpstudy_pro/Extensions/Apache2.4.39/logs/httpd.pid overwritten -- Unclean shutdown of previous Apache run?
[Wed May 14 23:22:33.843925 2025] [mpm_winnt:notice] [pid 4720:tid 584] AH00455: Apache/2.4.39 (Win64) OpenSSL/1.1.1b mod_fcgid/2.3.9a mod_log_rotate/1.02 configured -- resuming normal operations
[Wed May 14 23:22:33.843925 2025] [mpm_winnt:notice] [pid 4720:tid 584] AH00456: Server built: Mar 27 2019 11:06:20
[Wed May 14 23:22:33.843925 2025] [core:notice] [pid 4720:tid 584] AH00094: Command line: 'D:\\phpstudy_pro\\COM\\..\\Extensions\\Apache2.4.39\\\\bin\\httpd.exe -d D:/phpstudy_pro/Extensions/Apache2.4.39'
[Wed May 14 23:22:33.848005 2025] [mpm_winnt:notice] [pid 4720:tid 584] AH00418: Parent: Created child process 79192
[Wed May 14 23:22:34.556146 2025] [mpm_winnt:notice] [pid 79192:tid 624] AH00354: Child: Starting 1024 worker threads.
[Wed May 14 23:35:52.195204 2025] [mpm_winnt:crit] [pid 79192:tid 624] AH02538: Child: Parent process exited abruptly. Child process is ending
[Thu Jun 12 17:28:07.591933 2025] [core:warn] [pid 23324:tid 588] AH00098: pid file D:/phpstudy_pro/Extensions/Apache2.4.39/logs/httpd.pid overwritten -- Unclean shutdown of previous Apache run?
[Thu Jun 12 17:28:07.595342 2025] [mpm_winnt:notice] [pid 23324:tid 588] AH00455: Apache/2.4.39 (Win64) OpenSSL/1.1.1b mod_fcgid/2.3.9a mod_log_rotate/1.02 configured -- resuming normal operations
[Thu Jun 12 17:28:07.595342 2025] [mpm_winnt:notice] [pid 23324:tid 588] AH00456: Server built: Mar 27 2019 11:06:20
[Thu Jun 12 17:28:07.595342 2025] [core:notice] [pid 23324:tid 588] AH00094: Command line: 'D:\\phpstudy_pro\\COM\\..\\Extensions\\Apache2.4.39\\\\bin\\httpd.exe -d D:/phpstudy_pro/Extensions/Apache2.4.39'
[Thu Jun 12 17:28:07.606862 2025] [mpm_winnt:notice] [pid 23324:tid 588] AH00418: Parent: Created child process 32860
[Thu Jun 12 17:28:08.066711 2025] [mpm_winnt:notice] [pid 32860:tid 656] AH00354: Child: Starting 1024 worker threads.
[Thu Jun 12 17:28:14.167274 2025] [core:warn] [pid 11860:tid 532] AH00098: pid file D:/phpstudy_pro/Extensions/Apache2.4.39/logs/httpd.pid overwritten -- Unclean shutdown of previous Apache run?
[Thu Jun 12 17:28:14.175788 2025] [mpm_winnt:notice] [pid 11860:tid 532] AH00455: Apache/2.4.39 (Win64) OpenSSL/1.1.1b mod_fcgid/2.3.9a mod_log_rotate/1.02 configured -- resuming normal operations
[Thu Jun 12 17:28:14.175788 2025] [mpm_winnt:notice] [pid 11860:tid 532] AH00456: Server built: Mar 27 2019 11:06:20
[Thu Jun 12 17:28:14.175788 2025] [core:notice] [pid 11860:tid 532] AH00094: Command line: 'D:\\phpstudy_pro\\COM\\..\\Extensions\\Apache2.4.39\\\\bin\\httpd.exe -d D:/phpstudy_pro/Extensions/Apache2.4.39'
[Thu Jun 12 17:28:14.188891 2025] [mpm_winnt:notice] [pid 11860:tid 532] AH00418: Parent: Created child process 35556
[Thu Jun 12 17:28:14.616559 2025] [mpm_winnt:notice] [pid 35556:tid 664] AH00354: Child: Starting 1024 worker threads.
[Mon Jun 23 16:39:37.784543 2025] [core:warn] [pid 13208:tid 708] AH00098: pid file D:/phpstudy_pro/Extensions/Apache2.4.39/logs/httpd.pid overwritten -- Unclean shutdown of previous Apache run?
[Mon Jun 23 16:39:37.787522 2025] [mpm_winnt:notice] [pid 13208:tid 708] AH00455: Apache/2.4.39 (Win64) OpenSSL/1.1.1b mod_fcgid/2.3.9a mod_log_rotate/1.02 configured -- resuming normal operations
[Mon Jun 23 16:39:37.787522 2025] [mpm_winnt:notice] [pid 13208:tid 708] AH00456: Server built: Mar 27 2019 11:06:20
[Mon Jun 23 16:39:37.787522 2025] [core:notice] [pid 13208:tid 708] AH00094: Command line: 'D:\\phpstudy_pro\\COM\\..\\Extensions\\Apache2.4.39\\\\bin\\httpd.exe -d D:/phpstudy_pro/Extensions/Apache2.4.39'
[Mon Jun 23 16:39:37.801957 2025] [mpm_winnt:notice] [pid 13208:tid 708] AH00418: Parent: Created child process 22912
[Mon Jun 23 16:39:38.204633 2025] [mpm_winnt:notice] [pid 22912:tid 620] AH00354: Child: Starting 1024 worker threads.
[Sat Oct 25 20:37:02.820479 2025] [core:warn] [pid 47036:tid 504] AH00098: pid file D:/phpstudy_pro/Extensions/Apache2.4.39/logs/httpd.pid overwritten -- Unclean shutdown of previous Apache run?
[Sat Oct 25 20:37:02.829823 2025] [mpm_winnt:notice] [pid 47036:tid 504] AH00455: Apache/2.4.39 (Win64) OpenSSL/1.1.1b mod_fcgid/2.3.9a mod_log_rotate/1.02 configured -- resuming normal operations
[Sat Oct 25 20:37:02.829823 2025] [mpm_winnt:notice] [pid 47036:tid 504] AH00456: Server built: Mar 27 2019 11:06:20
[Sat Oct 25 20:37:02.829823 2025] [core:notice] [pid 47036:tid 504] AH00094: Command line: 'D:\\phpstudy_pro\\COM\\..\\Extensions\\Apache2.4.39\\\\bin\\httpd.exe -d D:/phpstudy_pro/Extensions/Apache2.4.39'
[Sat Oct 25 20:37:02.833465 2025] [mpm_winnt:notice] [pid 47036:tid 504] AH00418: Parent: Created child process 40860
[Sat Oct 25 20:37:04.173301 2025] [mpm_winnt:notice] [pid 40860:tid 648] AH00354: Child: Starting 1024 worker threads.
[Tue Nov 04 00:26:03.102875 2025] [core:warn] [pid 42664:tid 672] AH00098: pid file D:/phpstudy_pro/Extensions/Apache2.4.39/logs/httpd.pid overwritten -- Unclean shutdown of previous Apache run?
[Tue Nov 04 00:26:03.106796 2025] [mpm_winnt:notice] [pid 42664:tid 672] AH00455: Apache/2.4.39 (Win64) OpenSSL/1.1.1b mod_fcgid/2.3.9a mod_log_rotate/1.02 configured -- resuming normal operations
[Tue Nov 04 00:26:03.106796 2025] [mpm_winnt:notice] [pid 42664:tid 672] AH00456: Server built: Mar 27 2019 11:06:20
[Tue Nov 04 00:26:03.106796 2025] [core:notice] [pid 42664:tid 672] AH00094: Command line: 'D:\\phpstudy_pro\\COM\\..\\Extensions\\Apache2.4.39\\\\bin\\httpd.exe -d D:/phpstudy_pro/Extensions/Apache2.4.39'
[Tue Nov 04 00:26:03.109827 2025] [mpm_winnt:notice] [pid 42664:tid 672] AH00418: Parent: Created child process 53916
[Tue Nov 04 00:26:03.820700 2025] [mpm_winnt:notice] [pid 53916:tid 672] AH00354: Child: Starting 1024 worker threads.
[Tue Nov 04 10:27:36.282791 2025] [core:warn] [pid 40884:tid 532] AH00098: pid file D:/phpstudy_pro/Extensions/Apache2.4.39/logs/httpd.pid overwritten -- Unclean shutdown of previous Apache run?
[Tue Nov 04 10:27:36.287324 2025] [mpm_winnt:notice] [pid 40884:tid 532] AH00455: Apache/2.4.39 (Win64) OpenSSL/1.1.1b mod_fcgid/2.3.9a mod_log_rotate/1.02 configured -- resuming normal operations
[Tue Nov 04 10:27:36.287324 2025] [mpm_winnt:notice] [pid 40884:tid 532] AH00456: Server built: Mar 27 2019 11:06:20
[Tue Nov 04 10:27:36.287324 2025] [core:notice] [pid 40884:tid 532] AH00094: Command line: 'D:\\phpstudy_pro\\COM\\..\\Extensions\\Apache2.4.39\\\\bin\\httpd.exe -d D:/phpstudy_pro/Extensions/Apache2.4.39'
[Tue Nov 04 10:27:36.290351 2025] [mpm_winnt:notice] [pid 40884:tid 532] AH00418: Parent: Created child process 50476
[Tue Nov 04 10:27:46.050236 2025] [mpm_winnt:notice] [pid 50476:tid 788] AH00354: Child: Starting 1024 worker threads.
[Tue Nov 04 11:53:44.120775 2025] [core:warn] [pid 476:tid 608] AH00098: pid file D:/phpstudy_pro/Extensions/Apache2.4.39/logs/httpd.pid overwritten -- Unclean shutdown of previous Apache run?
[Tue Nov 04 11:53:44.123864 2025] [mpm_winnt:notice] [pid 476:tid 608] AH00455: Apache/2.4.39 (Win64) OpenSSL/1.1.1b mod_fcgid/2.3.9a mod_log_rotate/1.02 configured -- resuming normal operations
[Tue Nov 04 11:53:44.124760 2025] [mpm_winnt:notice] [pid 476:tid 608] AH00456: Server built: Mar 27 2019 11:06:20
[Tue Nov 04 11:53:44.124760 2025] [core:notice] [pid 476:tid 608] AH00094: Command line: 'D:\\phpstudy_pro\\COM\\..\\Extensions\\Apache2.4.39\\\\bin\\httpd.exe -d D:/phpstudy_pro/Extensions/Apache2.4.39'
[Tue Nov 04 11:53:44.126758 2025] [mpm_winnt:notice] [pid 476:tid 608] AH00418: Parent: Created child process 24380
[Tue Nov 04 11:53:44.715949 2025] [mpm_winnt:notice] [pid 24380:tid 652] AH00354: Child: Starting 1024 worker threads.
[Thu Nov 06 11:24:50.245369 2025] [core:warn] [pid 4244:tid 584] AH00098: pid file D:/phpstudy_pro/Extensions/Apache2.4.39/logs/httpd.pid overwritten -- Unclean shutdown of previous Apache run?
[Thu Nov 06 11:24:50.249375 2025] [mpm_winnt:notice] [pid 4244:tid 584] AH00455: Apache/2.4.39 (Win64) OpenSSL/1.1.1b mod_fcgid/2.3.9a mod_log_rotate/1.02 configured -- resuming normal operations
[Thu Nov 06 11:24:50.250374 2025] [mpm_winnt:notice] [pid 4244:tid 584] AH00456: Server built: Mar 27 2019 11:06:20
[Thu Nov 06 11:24:50.250374 2025] [core:notice] [pid 4244:tid 584] AH00094: Command line: 'D:\\phpstudy_pro\\COM\\..\\Extensions\\Apache2.4.39\\\\bin\\httpd.exe -d D:/phpstudy_pro/Extensions/Apache2.4.39'
[Thu Nov 06 11:24:50.254879 2025] [mpm_winnt:notice] [pid 4244:tid 584] AH00418: Parent: Created child process 24360
[Thu Nov 06 11:24:50.927475 2025] [mpm_winnt:notice] [pid 24360:tid 4] AH00354: Child: Starting 1024 worker threads.
[Thu Nov 06 18:11:17.577601 2025] [core:warn] [pid 2760:tid 592] AH00098: pid file D:/phpstudy_pro/Extensions/Apache2.4.39/logs/httpd.pid overwritten -- Unclean shutdown of previous Apache run?
[Thu Nov 06 18:11:17.581601 2025] [mpm_winnt:notice] [pid 2760:tid 592] AH00455: Apache/2.4.39 (Win64) OpenSSL/1.1.1b mod_fcgid/2.3.9a mod_log_rotate/1.02 configured -- resuming normal operations
[Thu Nov 06 18:11:17.581601 2025] [mpm_winnt:notice] [pid 2760:tid 592] AH00456: Server built: Mar 27 2019 11:06:20
[Thu Nov 06 18:11:17.581601 2025] [core:notice] [pid 2760:tid 592] AH00094: Command line: 'D:\\phpstudy_pro\\COM\\..\\Extensions\\Apache2.4.39\\\\bin\\httpd.exe -d D:/phpstudy_pro/Extensions/Apache2.4.39'
[Thu Nov 06 18:11:17.584667 2025] [mpm_winnt:notice] [pid 2760:tid 592] AH00418: Parent: Created child process 41752
[Thu Nov 06 18:11:18.217669 2025] [mpm_winnt:notice] [pid 41752:tid 652] AH00354: Child: Starting 1024 worker threads.
[Tue Nov 11 09:07:56.277041 2025] [core:warn] [pid 29156:tid 644] AH00098: pid file D:/phpstudy_pro/Extensions/Apache2.4.39/logs/httpd.pid overwritten -- Unclean shutdown of previous Apache run?
[Tue Nov 11 09:07:56.281045 2025] [mpm_winnt:notice] [pid 29156:tid 644] AH00455: Apache/2.4.39 (Win64) OpenSSL/1.1.1b mod_fcgid/2.3.9a mod_log_rotate/1.02 configured -- resuming normal operations
[Tue Nov 11 09:07:56.281045 2025] [mpm_winnt:notice] [pid 29156:tid 644] AH00456: Server built: Mar 27 2019 11:06:20
[Tue Nov 11 09:07:56.281045 2025] [core:notice] [pid 29156:tid 644] AH00094: Command line: 'D:\\phpstudy_pro\\COM\\..\\Extensions\\Apache2.4.39\\\\bin\\httpd.exe -d D:/phpstudy_pro/Extensions/Apache2.4.39'
[Tue Nov 11 09:07:56.289085 2025] [mpm_winnt:notice] [pid 29156:tid 644] AH00418: Parent: Created child process 6916
[Tue Nov 11 09:07:57.263660 2025] [mpm_winnt:notice] [pid 6916:tid 680] AH00354: Child: Starting 1024 worker threads.
[Wed Nov 19 09:40:20.453189 2025] [core:warn] [pid 15284:tid 680] AH00098: pid file D:/phpstudy_pro/Extensions/Apache2.4.39/logs/httpd.pid overwritten -- Unclean shutdown of previous Apache run?
[Wed Nov 19 09:40:20.457194 2025] [mpm_winnt:notice] [pid 15284:tid 680] AH00455: Apache/2.4.39 (Win64) OpenSSL/1.1.1b mod_fcgid/2.3.9a mod_log_rotate/1.02 configured -- resuming normal operations
[Wed Nov 19 09:40:20.457194 2025] [mpm_winnt:notice] [pid 15284:tid 680] AH00456: Server built: Mar 27 2019 11:06:20
[Wed Nov 19 09:40:20.457194 2025] [core:notice] [pid 15284:tid 680] AH00094: Command line: 'D:\\phpstudy_pro\\COM\\..\\Extensions\\Apache2.4.39\\\\bin\\httpd.exe -d D:/phpstudy_pro/Extensions/Apache2.4.39'
[Wed Nov 19 09:40:20.461425 2025] [mpm_winnt:notice] [pid 15284:tid 680] AH00418: Parent: Created child process 22244
[Wed Nov 19 09:40:21.248358 2025] [mpm_winnt:notice] [pid 22244:tid 676] AH00354: Child: Starting 1024 worker threads.
[Wed Nov 19 15:16:41.540236 2025] [core:warn] [pid 26796:tid 616] AH00098: pid file D:/phpstudy_pro/Extensions/Apache2.4.39/logs/httpd.pid overwritten -- Unclean shutdown of previous Apache run?
[Wed Nov 19 15:16:41.545244 2025] [mpm_winnt:notice] [pid 26796:tid 616] AH00455: Apache/2.4.39 (Win64) OpenSSL/1.1.1b mod_fcgid/2.3.9a mod_log_rotate/1.02 configured -- resuming normal operations
[Wed Nov 19 15:16:41.545244 2025] [mpm_winnt:notice] [pid 26796:tid 616] AH00456: Server built: Mar 27 2019 11:06:20
[Wed Nov 19 15:16:41.545244 2025] [core:notice] [pid 26796:tid 616] AH00094: Command line: 'D:\\phpstudy_pro\\COM\\..\\Extensions\\Apache2.4.39\\\\bin\\httpd.exe -d D:/phpstudy_pro/Extensions/Apache2.4.39'
[Wed Nov 19 15:16:41.553140 2025] [mpm_winnt:notice] [pid 26796:tid 616] AH00418: Parent: Created child process 14368
[Wed Nov 19 15:16:43.203513 2025] [mpm_winnt:notice] [pid 14368:tid 748] AH00354: Child: Starting 1024 worker threads.
[Thu Nov 20 16:12:47.088308 2025] [core:warn] [pid 35456:tid 608] AH00098: pid file D:/phpstudy_pro/Extensions/Apache2.4.39/logs/httpd.pid overwritten -- Unclean shutdown of previous Apache run?
[Thu Nov 20 16:12:47.092324 2025] [mpm_winnt:notice] [pid 35456:tid 608] AH00455: Apache/2.4.39 (Win64) OpenSSL/1.1.1b mod_fcgid/2.3.9a mod_log_rotate/1.02 configured -- resuming normal operations
[Thu Nov 20 16:12:47.092324 2025] [mpm_winnt:notice] [pid 35456:tid 608] AH00456: Server built: Mar 27 2019 11:06:20
[Thu Nov 20 16:12:47.092324 2025] [core:notice] [pid 35456:tid 608] AH00094: Command line: 'D:\\phpstudy_pro\\COM\\..\\Extensions\\Apache2.4.39\\\\bin\\httpd.exe -d D:/phpstudy_pro/Extensions/Apache2.4.39'
[Thu Nov 20 16:12:47.096401 2025] [mpm_winnt:notice] [pid 35456:tid 608] AH00418: Parent: Created child process 24196
[Thu Nov 20 16:12:47.801899 2025] [mpm_winnt:notice] [pid 24196:tid 692] AH00354: Child: Starting 1024 worker threads.
[Fri Nov 21 10:47:03.311761 2025] [core:warn] [pid 14932:tid 684] AH00098: pid file D:/phpstudy_pro/Extensions/Apache2.4.39/logs/httpd.pid overwritten -- Unclean shutdown of previous Apache run?
[Fri Nov 21 10:47:03.315653 2025] [mpm_winnt:notice] [pid 14932:tid 684] AH00455: Apache/2.4.39 (Win64) OpenSSL/1.1.1b mod_fcgid/2.3.9a mod_log_rotate/1.02 configured -- resuming normal operations
[Fri Nov 21 10:47:03.316669 2025] [mpm_winnt:notice] [pid 14932:tid 684] AH00456: Server built: Mar 27 2019 11:06:20
[Fri Nov 21 10:47:03.316669 2025] [core:notice] [pid 14932:tid 684] AH00094: Command line: 'D:\\phpstudy_pro\\COM\\..\\Extensions\\Apache2.4.39\\\\bin\\httpd.exe -d D:/phpstudy_pro/Extensions/Apache2.4.39'
[Fri Nov 21 10:47:03.320910 2025] [mpm_winnt:notice] [pid 14932:tid 684] AH00418: Parent: Created child process 28076
[Fri Nov 21 10:47:04.028582 2025] [mpm_winnt:notice] [pid 28076:tid 680] AH00354: Child: Starting 1024 worker threads.
[Sun Nov 23 12:16:35.103481 2025] [core:warn] [pid 41276:tid 540] AH00098: pid file D:/phpstudy_pro/Extensions/Apache2.4.39/logs/httpd.pid overwritten -- Unclean shutdown of previous Apache run?
[Sun Nov 23 12:16:35.108972 2025] [mpm_winnt:notice] [pid 41276:tid 540] AH00455: Apache/2.4.39 (Win64) OpenSSL/1.1.1b mod_fcgid/2.3.9a mod_log_rotate/1.02 configured -- resuming normal operations
[Sun Nov 23 12:16:35.108972 2025] [mpm_winnt:notice] [pid 41276:tid 540] AH00456: Server built: Mar 27 2019 11:06:20
[Sun Nov 23 12:16:35.108972 2025] [core:notice] [pid 41276:tid 540] AH00094: Command line: 'D:\\phpstudy_pro\\COM\\..\\Extensions\\Apache2.4.39\\\\bin\\httpd.exe -d D:/phpstudy_pro/Extensions/Apache2.4.39'
[Sun Nov 23 12:16:35.113223 2025] [mpm_winnt:notice] [pid 41276:tid 540] AH00418: Parent: Created child process 40528
[Sun Nov 23 12:16:35.856496 2025] [mpm_winnt:notice] [pid 40528:tid 720] AH00354: Child: Starting 1024 worker threads.
[Mon Nov 24 00:25:53.884303 2025] [core:warn] [pid 9668:tid 616] AH00098: pid file D:/phpstudy_pro/Extensions/Apache2.4.39/logs/httpd.pid overwritten -- Unclean shutdown of previous Apache run?
[Mon Nov 24 00:25:53.888024 2025] [mpm_winnt:notice] [pid 9668:tid 616] AH00455: Apache/2.4.39 (Win64) OpenSSL/1.1.1b mod_fcgid/2.3.9a mod_log_rotate/1.02 configured -- resuming normal operations
[Mon Nov 24 00:25:53.888024 2025] [mpm_winnt:notice] [pid 9668:tid 616] AH00456: Server built: Mar 27 2019 11:06:20
[Mon Nov 24 00:25:53.888024 2025] [core:notice] [pid 9668:tid 616] AH00094: Command line: 'D:\\phpstudy_pro\\COM\\..\\Extensions\\Apache2.4.39\\\\bin\\httpd.exe -d D:/phpstudy_pro/Extensions/Apache2.4.39'
[Mon Nov 24 00:25:53.895847 2025] [mpm_winnt:notice] [pid 9668:tid 616] AH00418: Parent: Created child process 17136
[Mon Nov 24 00:25:54.636183 2025] [mpm_winnt:notice] [pid 17136:tid 548] AH00354: Child: Starting 1024 worker threads.
[Mon Nov 24 08:33:45.340847 2025] [core:warn] [pid 17276:tid 680] AH00098: pid file D:/phpstudy_pro/Extensions/Apache2.4.39/logs/httpd.pid overwritten -- Unclean shutdown of previous Apache run?
[Mon Nov 24 08:33:45.343862 2025] [mpm_winnt:notice] [pid 17276:tid 680] AH00455: Apache/2.4.39 (Win64) OpenSSL/1.1.1b mod_fcgid/2.3.9a mod_log_rotate/1.02 configured -- resuming normal operations
[Mon Nov 24 08:33:45.343862 2025] [mpm_winnt:notice] [pid 17276:tid 680] AH00456: Server built: Mar 27 2019 11:06:20
[Mon Nov 24 08:33:45.343862 2025] [core:notice] [pid 17276:tid 680] AH00094: Command line: 'D:\\phpstudy_pro\\COM\\..\\Extensions\\Apache2.4.39\\\\bin\\httpd.exe -d D:/phpstudy_pro/Extensions/Apache2.4.39'
[Mon Nov 24 08:33:45.349764 2025] [mpm_winnt:notice] [pid 17276:tid 680] AH00418: Parent: Created child process 3868
[Mon Nov 24 08:33:46.049884 2025] [mpm_winnt:notice] [pid 3868:tid 676] AH00354: Child: Starting 1024 worker threads.
[Tue Nov 25 09:18:51.110184 2025] [core:warn] [pid 12828:tid 588] AH00098: pid file D:/phpstudy_pro/Extensions/Apache2.4.39/logs/httpd.pid overwritten -- Unclean shutdown of previous Apache run?
[Tue Nov 25 09:18:51.114698 2025] [mpm_winnt:notice] [pid 12828:tid 588] AH00455: Apache/2.4.39 (Win64) OpenSSL/1.1.1b mod_fcgid/2.3.9a mod_log_rotate/1.02 configured -- resuming normal operations
[Tue Nov 25 09:18:51.114698 2025] [mpm_winnt:notice] [pid 12828:tid 588] AH00456: Server built: Mar 27 2019 11:06:20
[Tue Nov 25 09:18:51.114698 2025] [core:notice] [pid 12828:tid 588] AH00094: Command line: 'D:\\phpstudy_pro\\COM\\..\\Extensions\\Apache2.4.39\\\\bin\\httpd.exe -d D:/phpstudy_pro/Extensions/Apache2.4.39'
[Tue Nov 25 09:18:51.122706 2025] [mpm_winnt:notice] [pid 12828:tid 588] AH00418: Parent: Created child process 26956
[Tue Nov 25 09:18:51.915911 2025] [mpm_winnt:notice] [pid 26956:tid 676] AH00354: Child: Starting 1024 worker threads.
[Wed Nov 26 08:41:04.159276 2025] [core:warn] [pid 32256:tid 640] AH00098: pid file D:/phpstudy_pro/Extensions/Apache2.4.39/logs/httpd.pid overwritten -- Unclean shutdown of previous Apache run?
[Wed Nov 26 08:41:04.162945 2025] [mpm_winnt:notice] [pid 32256:tid 640] AH00455: Apache/2.4.39 (Win64) OpenSSL/1.1.1b mod_fcgid/2.3.9a mod_log_rotate/1.02 configured -- resuming normal operations
[Wed Nov 26 08:41:04.162945 2025] [mpm_winnt:notice] [pid 32256:tid 640] AH00456: Server built: Mar 27 2019 11:06:20
[Wed Nov 26 08:41:04.162945 2025] [core:notice] [pid 32256:tid 640] AH00094: Command line: 'D:\\phpstudy_pro\\COM\\..\\Extensions\\Apache2.4.39\\\\bin\\httpd.exe -d D:/phpstudy_pro/Extensions/Apache2.4.39'
[Wed Nov 26 08:41:04.167459 2025] [mpm_winnt:notice] [pid 32256:tid 640] AH00418: Parent: Created child process 26788
[Wed Nov 26 08:41:05.116714 2025] [mpm_winnt:notice] [pid 26788:tid 660] AH00354: Child: Starting 1024 worker threads.
[Thu Nov 27 09:01:25.249878 2025] [core:warn] [pid 31656:tid 1976] AH00098: pid file D:/phpstudy_pro/Extensions/Apache2.4.39/logs/httpd.pid overwritten -- Unclean shutdown of previous Apache run?
[Thu Nov 27 09:01:25.253391 2025] [mpm_winnt:notice] [pid 31656:tid 1976] AH00455: Apache/2.4.39 (Win64) OpenSSL/1.1.1b mod_fcgid/2.3.9a mod_log_rotate/1.02 configured -- resuming normal operations
[Thu Nov 27 09:01:25.253391 2025] [mpm_winnt:notice] [pid 31656:tid 1976] AH00456: Server built: Mar 27 2019 11:06:20
[Thu Nov 27 09:01:25.253391 2025] [core:notice] [pid 31656:tid 1976] AH00094: Command line: 'D:\\phpstudy_pro\\COM\\..\\Extensions\\Apache2.4.39\\\\bin\\httpd.exe -d D:/phpstudy_pro/Extensions/Apache2.4.39'
[Thu Nov 27 09:01:25.259403 2025] [mpm_winnt:notice] [pid 31656:tid 1976] AH00418: Parent: Created child process 11864
[Thu Nov 27 09:01:26.085974 2025] [mpm_winnt:notice] [pid 11864:tid 732] AH00354: Child: Starting 1024 worker threads.
[Sat Dec 06 21:31:01.059953 2025] [core:warn] [pid 58316:tid 532] AH00098: pid file D:/phpstudy_pro/Extensions/Apache2.4.39/logs/httpd.pid overwritten -- Unclean shutdown of previous Apache run?
[Sat Dec 06 21:31:01.067113 2025] [mpm_winnt:notice] [pid 58316:tid 532] AH00455: Apache/2.4.39 (Win64) OpenSSL/1.1.1b mod_fcgid/2.3.9a mod_log_rotate/1.02 configured -- resuming normal operations
[Sat Dec 06 21:31:01.067113 2025] [mpm_winnt:notice] [pid 58316:tid 532] AH00456: Server built: Mar 27 2019 11:06:20
[Sat Dec 06 21:31:01.067113 2025] [core:notice] [pid 58316:tid 532] AH00094: Command line: 'D:\\phpstudy_pro\\COM\\..\\Extensions\\Apache2.4.39\\\\bin\\httpd.exe -d D:/phpstudy_pro/Extensions/Apache2.4.39'
[Sat Dec 06 21:31:01.073064 2025] [mpm_winnt:notice] [pid 58316:tid 532] AH00418: Parent: Created child process 63744
[Sat Dec 06 21:31:01.870985 2025] [mpm_winnt:notice] [pid 63744:tid 676] AH00354: Child: Starting 1024 worker threads.
[Tue Dec 30 15:21:57.467614 2025] [core:warn] [pid 33652:tid 536] AH00098: pid file D:/phpstudy_pro/Extensions/Apache2.4.39/logs/httpd.pid overwritten -- Unclean shutdown of previous Apache run?
[Tue Dec 30 15:21:57.471038 2025] [mpm_winnt:notice] [pid 33652:tid 536] AH00455: Apache/2.4.39 (Win64) OpenSSL/1.1.1b mod_fcgid/2.3.9a mod_log_rotate/1.02 configured -- resuming normal operations
[Tue Dec 30 15:21:57.471038 2025] [mpm_winnt:notice] [pid 33652:tid 536] AH00456: Server built: Mar 27 2019 11:06:20
[Tue Dec 30 15:21:57.471038 2025] [core:notice] [pid 33652:tid 536] AH00094: Command line: 'D:\\phpstudy_pro\\COM\\..\\Extensions\\Apache2.4.39\\\\bin\\httpd.exe -d D:/phpstudy_pro/Extensions/Apache2.4.39'
[Tue Dec 30 15:21:57.475043 2025] [mpm_winnt:notice] [pid 33652:tid 536] AH00418: Parent: Created child process 19724
[Tue Dec 30 15:21:57.840026 2025] [mpm_winnt:notice] [pid 19724:tid 676] AH00354: Child: Starting 1024 worker threads.
[Tue Dec 30 17:32:22.404981 2025] [mpm_winnt:notice] [pid 33652:tid 536] AH00428: Parent: child process 19724 exited with status 1073807364 -- Restarting.
[Tue Dec 30 17:32:24.085877 2025] [mpm_winnt:notice] [pid 33652:tid 536] AH00455: Apache/2.4.39 (Win64) OpenSSL/1.1.1b mod_fcgid/2.3.9a mod_log_rotate/1.02 configured -- resuming normal operations
[Tue Dec 30 17:32:24.085877 2025] [mpm_winnt:notice] [pid 33652:tid 536] AH00456: Server built: Mar 27 2019 11:06:20
[Tue Dec 30 17:32:24.085877 2025] [core:notice] [pid 33652:tid 536] AH00094: Command line: 'D:\\phpstudy_pro\\COM\\..\\Extensions\\Apache2.4.39\\\\bin\\httpd.exe -d D:/phpstudy_pro/Extensions/Apache2.4.39'
[Tue Dec 30 17:32:24.147609 2025] [mpm_winnt:notice] [pid 33652:tid 536] AH00418: Parent: Created child process 18224
[Tue Dec 30 17:32:24.227483 2025] [mpm_winnt:crit] [pid 33652:tid 536] AH00419: master_main: create child process failed. Exiting.
[Tue Jan 06 14:04:13.119855 2026] [mpm_winnt:notice] [pid 38704:tid 652] AH00455: Apache/2.4.39 (Win64) OpenSSL/1.1.1b mod_fcgid/2.3.9a mod_log_rotate/1.02 configured -- resuming normal operations
[Tue Jan 06 14:04:13.120856 2026] [mpm_winnt:notice] [pid 38704:tid 652] AH00456: Server built: Mar 27 2019 11:06:20
[Tue Jan 06 14:04:13.120856 2026] [core:notice] [pid 38704:tid 652] AH00094: Command line: 'D:\\phpstudy_pro\\COM\\..\\Extensions\\Apache2.4.39\\\\bin\\httpd.exe -d D:/phpstudy_pro/Extensions/Apache2.4.39'
[Tue Jan 06 14:04:13.125856 2026] [mpm_winnt:notice] [pid 38704:tid 652] AH00418: Parent: Created child process 29472
[Tue Jan 06 14:04:13.512183 2026] [mpm_winnt:notice] [pid 29472:tid 664] AH00354: Child: Starting 1024 worker threads.
[Thu Jan 08 16:31:44.740831 2026] [core:warn] [pid 38164:tid 556] AH00098: pid file D:/phpstudy_pro/Extensions/Apache2.4.39/logs/httpd.pid overwritten -- Unclean shutdown of previous Apache run?
[Thu Jan 08 16:31:44.746785 2026] [mpm_winnt:notice] [pid 38164:tid 556] AH00455: Apache/2.4.39 (Win64) OpenSSL/1.1.1b mod_fcgid/2.3.9a mod_log_rotate/1.02 configured -- resuming normal operations
[Thu Jan 08 16:31:44.746785 2026] [mpm_winnt:notice] [pid 38164:tid 556] AH00456: Server built: Mar 27 2019 11:06:20
[Thu Jan 08 16:31:44.746785 2026] [core:notice] [pid 38164:tid 556] AH00094: Command line: 'D:\\phpstudy_pro\\COM\\..\\Extensions\\Apache2.4.39\\\\bin\\httpd.exe -d D:/phpstudy_pro/Extensions/Apache2.4.39'
[Thu Jan 08 16:31:44.753541 2026] [mpm_winnt:notice] [pid 38164:tid 556] AH00418: Parent: Created child process 31888
[Thu Jan 08 16:31:45.153904 2026] [mpm_winnt:notice] [pid 31888:tid 668] AH00354: Child: Starting 1024 worker threads.
[Thu Jan 08 17:31:16.630565 2026] [mpm_winnt:notice] [pid 38164:tid 556] AH00428: Parent: child process 31888 exited with status 1073807364 -- Restarting.
[Thu Jan 08 17:31:17.700718 2026] [mpm_winnt:notice] [pid 38164:tid 556] AH00455: Apache/2.4.39 (Win64) OpenSSL/1.1.1b mod_fcgid/2.3.9a mod_log_rotate/1.02 configured -- resuming normal operations
[Thu Jan 08 17:31:17.700718 2026] [mpm_winnt:notice] [pid 38164:tid 556] AH00456: Server built: Mar 27 2019 11:06:20
[Thu Jan 08 17:31:17.700718 2026] [core:notice] [pid 38164:tid 556] AH00094: Command line: 'D:\\phpstudy_pro\\COM\\..\\Extensions\\Apache2.4.39\\\\bin\\httpd.exe -d D:/phpstudy_pro/Extensions/Apache2.4.39'
[Thu Jan 08 17:31:17.710792 2026] [mpm_winnt:notice] [pid 38164:tid 556] AH00418: Parent: Created child process 46012
[Thu Jan 08 17:31:17.730767 2026] [mpm_winnt:crit] [pid 38164:tid 556] AH00419: master_main: create child process failed. Exiting.
